<?xml version="1.0" encoding="UTF-8"?>
<testng-results skipped="0" failed="0" ignored="0" total="3" passed="3">
  <reporter-output>
  </reporter-output>
  <suite name="SaaS-Automation-Selenium-DevOps-OracleHackathon regression suite" duration-ms="65873" started-at="2021-09-05T03:27:42Z" finished-at="2021-09-05T03:28:48Z">
    <groups>
    </groups>
    <test name="SaaS Testing - login1" duration-ms="37844" started-at="2021-09-05T03:27:42Z" finished-at="2021-09-05T03:28:20Z">
      <class name="com.saas.tests.LoginPageTest">
        <test-method status="PASS" signature="setUp(java.lang.String)[pri:0, instance:com.saas.tests.LoginPageTest@198ef2ce]" name="setUp" is-config="true" duration-ms="28350" started-at="2021-09-05T03:27:42Z" finished-at="2021-09-05T03:28:10Z">
          <params>
            <param index="0">
              <value>
                <![CDATA[chrome]]>
              </value>
            </param>
          </params>
          <reporter-output>
          </reporter-output>
        </test-method> <!-- setUp -->
        <test-method status="PASS" signature="verifyLoginUser()[pri:1, instance:com.saas.tests.LoginPageTest@198ef2ce]" name="verifyLoginUser" duration-ms="257" started-at="2021-09-05T03:28:10Z" finished-at="2021-09-05T03:28:10Z">
          <reporter-output>
          </reporter-output>
        </test-method> <!-- verifyLoginUser -->
        <test-method status="PASS" signature="tearDown()[pri:0, instance:com.saas.tests.LoginPageTest@198ef2ce]" name="tearDown" is-config="true" duration-ms="9020" started-at="2021-09-05T03:28:11Z" finished-at="2021-09-05T03:28:20Z">
          <reporter-output>
          </reporter-output>
        </test-method> <!-- tearDown -->
      </class> <!-- com.saas.tests.LoginPageTest -->
    </test> <!-- SaaS Testing - login1 -->
    <test name="SaaS Testing - login2" duration-ms="42680" started-at="2021-09-05T03:27:42Z" finished-at="2021-09-05T03:28:24Z">
      <class name="com.saas.tests.LoginPageTest">
        <test-method status="PASS" signature="setUp(java.lang.String)[pri:0, instance:com.saas.tests.LoginPageTest@66596a88]" name="setUp" is-config="true" duration-ms="31632" started-at="2021-09-05T03:27:42Z" finished-at="2021-09-05T03:28:13Z">
          <params>
            <param index="0">
              <value>
                <![CDATA[firefox]]>
              </value>
            </param>
          </params>
          <reporter-output>
          </reporter-output>
        </test-method> <!-- setUp -->
        <test-method status="PASS" signature="verifyLoginUser()[pri:1, instance:com.saas.tests.LoginPageTest@66596a88]" name="verifyLoginUser" duration-ms="280" started-at="2021-09-05T03:28:13Z" finished-at="2021-09-05T03:28:14Z">
          <reporter-output>
          </reporter-output>
        </test-method> <!-- verifyLoginUser -->
        <test-method status="PASS" signature="tearDown()[pri:0, instance:com.saas.tests.LoginPageTest@66596a88]" name="tearDown" is-config="true" duration-ms="10740" started-at="2021-09-05T03:28:14Z" finished-at="2021-09-05T03:28:24Z">
          <reporter-output>
          </reporter-output>
        </test-method> <!-- tearDown -->
      </class> <!-- com.saas.tests.LoginPageTest -->
    </test> <!-- SaaS Testing - login2 -->
    <test name="SaaS Testing - login" duration-ms="65873" started-at="2021-09-05T03:27:42Z" finished-at="2021-09-05T03:28:48Z">
      <class name="com.saas.tests.LoginPageTest">
        <test-method status="PASS" signature="setUp(java.lang.String)[pri:0, instance:com.saas.tests.LoginPageTest@abbc908]" name="setUp" is-config="true" duration-ms="56872" started-at="2021-09-05T03:27:42Z" finished-at="2021-09-05T03:28:39Z">
          <params>
            <param index="0">
              <value>
                <![CDATA[chrome]]>
              </value>
            </param>
          </params>
          <reporter-output>
          </reporter-output>
        </test-method> <!-- setUp -->
        <test-method status="PASS" signature="verifyLoginUser()[pri:1, instance:com.saas.tests.LoginPageTest@abbc908]" name="verifyLoginUser" duration-ms="126" started-at="2021-09-05T03:28:39Z" finished-at="2021-09-05T03:28:39Z">
          <reporter-output>
          </reporter-output>
        </test-method> <!-- verifyLoginUser -->
        <test-method status="PASS" signature="tearDown()[pri:0, instance:com.saas.tests.LoginPageTest@abbc908]" name="tearDown" is-config="true" duration-ms="8848" started-at="2021-09-05T03:28:39Z" finished-at="2021-09-05T03:28:48Z">
          <reporter-output>
          </reporter-output>
        </test-method> <!-- tearDown -->
      </class> <!-- com.saas.tests.LoginPageTest -->
    </test> <!-- SaaS Testing - login -->
  </suite> <!-- SaaS-Automation-Selenium-DevOps-OracleHackathon regression suite -->
</testng-results>
